# JRE version: Java(TM) SE Runtime Environment (8.0_40-b26) (build 1.8.0_40-b26)
# Java VM: Java HotSpot(TM) 64-Bit Server VM (25.40-b25 mixed mode windows-amd64 compressed oops)
Heap:
 PSYoungGen      total 140288K, used 116042K [0x00000000eab00000, 0x00000000f6600000, 0x0000000100000000)
  eden space 126976K, 91% used [0x00000000eab00000,0x00000000f1c52b88,0x00000000f2700000)
  from space 13312K, 0% used [0x00000000f5900000,0x00000000f5900000,0x00000000f6600000)
  to   space 10752K, 0% used [0x00000000f2700000,0x00000000f2700000,0x00000000f3180000)
 ParOldGen       total 98304K, used 21593K [0x00000000c0000000, 0x00000000c6000000, 0x00000000eab00000)
  object space 98304K, 21% used [0x00000000c0000000,0x00000000c1516420,0x00000000c6000000)
 Metaspace       used 42955K, capacity 44018K, committed 44160K, reserved 1087488K
  class space    used 5997K, capacity 6204K, committed 6272K, reserved 1048576K
GC Heap History (10 events):
Event: 1.779 GC heap before
{Heap before GC invocations=4 (full 1):
 PSYoungGen      total 76288K, used 8160K [0x00000000eab00000, 0x00000000f4000000, 0x0000000100000000)
  eden space 65536K, 0% used [0x00000000eab00000,0x00000000eab00000,0x00000000eeb00000)
  from space 10752K, 75% used [0x00000000eeb00000,0x00000000ef2f8050,0x00000000ef580000)
  to   space 10752K, 0% used [0x00000000f3580000,0x00000000f3580000,0x00000000f4000000)
 ParOldGen       total 175104K, used 2358K [0x00000000c0000000, 0x00000000cab00000, 0x00000000eab00000)
  object space 175104K, 1% used [0x00000000c0000000,0x00000000c024db88,0x00000000cab00000)
 Metaspace       used 20849K, capacity 21226K, committed 21296K, reserved 1067008K
  class space    used 2816K, capacity 2939K, committed 2944K, reserved 1048576K
Event: 1.813 GC heap after
Heap after GC invocations=4 (full 1):
 PSYoungGen      total 76288K, used 0K [0x00000000eab00000, 0x00000000f4000000, 0x0000000100000000)
  eden space 65536K, 0% used [0x00000000eab00000,0x00000000eab00000,0x00000000eeb00000)
  from space 10752K, 0% used [0x00000000eeb00000,0x00000000eeb00000,0x00000000ef580000)
  to   space 10752K, 0% used [0x00000000f3580000,0x00000000f3580000,0x00000000f4000000)
 ParOldGen       total 98304K, used 8009K [0x00000000c0000000, 0x00000000c6000000, 0x00000000eab00000)
  object space 98304K, 8% used [0x00000000c0000000,0x00000000c07d2458,0x00000000c6000000)
 Metaspace       used 20849K, capacity 21226K, committed 21296K, reserved 1067008K
  class space    used 2816K, capacity 2939K, committed 2944K, reserved 1048576K
}
Event: 2.578 GC heap before
{Heap before GC invocations=5 (full 1):
 PSYoungGen      total 76288K, used 65536K [0x00000000eab00000, 0x00000000f4000000, 0x0000000100000000)
  eden space 65536K, 100% used [0x00000000eab00000,0x00000000eeb00000,0x00000000eeb00000)
  from space 10752K, 0% used [0x00000000eeb00000,0x00000000eeb00000,0x00000000ef580000)
  to   space 10752K, 0% used [0x00000000f3580000,0x00000000f3580000,0x00000000f4000000)
 ParOldGen       total 98304K, used 8009K [0x00000000c0000000, 0x00000000c6000000, 0x00000000eab00000)
  object space 98304K, 8% used [0x00000000c0000000,0x00000000c07d2458,0x00000000c6000000)
 Metaspace       used 26464K, capacity 26884K, committed 27136K, reserved 1073152K
  class space    used 3620K, capacity 3730K, committed 3840K, reserved 1048576K
Event: 2.583 GC heap after
Heap after GC invocations=5 (full 1):
 PSYoungGen      total 112640K, used 6220K [0x00000000eab00000, 0x00000000f3c00000, 0x0000000100000000)
  eden space 105984K, 0% used [0x00000000eab00000,0x00000000eab00000,0x00000000f1280000)
  from space 6656K, 93% used [0x00000000f3580000,0x00000000f3b93328,0x00000000f3c00000)
  to   space 10752K, 0% used [0x00000000f2700000,0x00000000f2700000,0x00000000f3180000)
 ParOldGen       total 98304K, used 8081K [0x00000000c0000000, 0x00000000c6000000, 0x00000000eab00000)
  object space 98304K, 8% used [0x00000000c0000000,0x00000000c07e4468,0x00000000c6000000)
 Metaspace       used 26464K, capacity 26884K, committed 27136K, reserved 1073152K
  class space    used 3620K, capacity 3730K, committed 3840K, reserved 1048576K
}
Event: 4.270 GC heap before
{Heap before GC invocations=6 (full 1):
 PSYoungGen      total 112640K, used 112204K [0x00000000eab00000, 0x00000000f3c00000, 0x0000000100000000)
  eden space 105984K, 100% used [0x00000000eab00000,0x00000000f1280000,0x00000000f1280000)
  from space 6656K, 93% used [0x00000000f3580000,0x00000000f3b93328,0x00000000f3c00000)
  to   space 10752K, 0% used [0x00000000f2700000,0x00000000f2700000,0x00000000f3180000)
 ParOldGen       total 98304K, used 8081K [0x00000000c0000000, 0x00000000c6000000, 0x00000000eab00000)
  object space 98304K, 8% used [0x00000000c0000000,0x00000000c07e4468,0x00000000c6000000)
 Metaspace       used 30786K, capacity 31362K, committed 31488K, reserved 1077248K
  class space    used 4171K, capacity 4331K, committed 4352K, reserved 1048576K
Event: 4.279 GC heap after
Heap after GC invocations=6 (full 1):
 PSYoungGen      total 137728K, used 8920K [0x00000000eab00000, 0x00000000f6600000, 0x0000000100000000)
  eden space 126976K, 0% used [0x00000000eab00000,0x00000000eab00000,0x00000000f2700000)
  from space 10752K, 82% used [0x00000000f2700000,0x00000000f2fb62e8,0x00000000f3180000)
  to   space 13312K, 0% used [0x00000000f5900000,0x00000000f5900000,0x00000000f6600000)
 ParOldGen       total 98304K, used 8089K [0x00000000c0000000, 0x00000000c6000000, 0x00000000eab00000)
  object space 98304K, 8% used [0x00000000c0000000,0x00000000c07e6468,0x00000000c6000000)
 Metaspace       used 30786K, capacity 31362K, committed 31488K, reserved 1077248K
  class space    used 4171K, capacity 4331K, committed 4352K, reserved 1048576K
}
Event: 4.722 GC heap before
{Heap before GC invocations=7 (full 1):
 PSYoungGen      total 137728K, used 76700K [0x00000000eab00000, 0x00000000f6600000, 0x0000000100000000)
  eden space 126976K, 53% used [0x00000000eab00000,0x00000000eed30e88,0x00000000f2700000)
  from space 10752K, 82% used [0x00000000f2700000,0x00000000f2fb62e8,0x00000000f3180000)
  to   space 13312K, 0% used [0x00000000f5900000,0x00000000f5900000,0x00000000f6600000)
 ParOldGen       total 98304K, used 8089K [0x00000000c0000000, 0x00000000c6000000, 0x00000000eab00000)
  object space 98304K, 8% used [0x00000000c0000000,0x00000000c07e6468,0x00000000c6000000)
 Metaspace       used 34658K, capacity 35258K, committed 35456K, reserved 1079296K
  class space    used 4696K, capacity 4872K, committed 4992K, reserved 1048576K
Event: 4.731 GC heap after
Heap after GC invocations=7 (full 1):
 PSYoungGen      total 140288K, used 13280K [0x00000000eab00000, 0x00000000f6600000, 0x0000000100000000)
  eden space 126976K, 0% used [0x00000000eab00000,0x00000000eab00000,0x00000000f2700000)
  from space 13312K, 99% used [0x00000000f5900000,0x00000000f65f8228,0x00000000f6600000)
  to   space 10752K, 0% used [0x00000000f2700000,0x00000000f2700000,0x00000000f3180000)
 ParOldGen       total 98304K, used 8900K [0x00000000c0000000, 0x00000000c6000000, 0x00000000eab00000)
  object space 98304K, 9% used [0x00000000c0000000,0x00000000c08b1320,0x00000000c6000000)
 Metaspace       used 34658K, capacity 35258K, committed 35456K, reserved 1079296K
  class space    used 4696K, capacity 4872K, committed 4992K, reserved 1048576K
}
Event: 4.731 GC heap before
{Heap before GC invocations=8 (full 2):
 PSYoungGen      total 140288K, used 13280K [0x00000000eab00000, 0x00000000f6600000, 0x0000000100000000)
  eden space 126976K, 0% used [0x00000000eab00000,0x00000000eab00000,0x00000000f2700000)
  from space 13312K, 99% used [0x00000000f5900000,0x00000000f65f8228,0x00000000f6600000)
  to   space 10752K, 0% used [0x00000000f2700000,0x00000000f2700000,0x00000000f3180000)
 ParOldGen       total 98304K, used 8900K [0x00000000c0000000, 0x00000000c6000000, 0x00000000eab00000)
  object space 98304K, 9% used [0x00000000c0000000,0x00000000c08b1320,0x00000000c6000000)
 Metaspace       used 34658K, capacity 35258K, committed 35456K, reserved 1079296K
  class space    used 4696K, capacity 4872K, committed 4992K, reserved 1048576K
Event: 4.798 GC heap after
Heap after GC invocations=8 (full 2):
 PSYoungGen      total 140288K, used 0K [0x00000000eab00000, 0x00000000f6600000, 0x0000000100000000)
  eden space 126976K, 0% used [0x00000000eab00000,0x00000000eab00000,0x00000000f2700000)
  from space 13312K, 0% used [0x00000000f5900000,0x00000000f5900000,0x00000000f6600000)
  to   space 10752K, 0% used [0x00000000f2700000,0x00000000f2700000,0x00000000f3180000)
 ParOldGen       total 98304K, used 21593K [0x00000000c0000000, 0x00000000c6000000, 0x00000000eab00000)
  object space 98304K, 21% used [0x00000000c0000000,0x00000000c1516420,0x00000000c6000000)
 Metaspace       used 34658K, capacity 35258K, committed 35456K, reserved 1079296K
  class space    used 4696K, capacity 4872K, committed 4992K, reserved 1048576K
}

