# JRE version: Java(TM) SE Runtime Environment (8.0_40-b26) (build 1.8.0_40-b26)
# Java VM: Java HotSpot(TM) 64-Bit Server VM (25.40-b25 mixed mode windows-amd64 compressed oops)
Heap:
 PSYoungGen      total 181760K, used 9484K [0x00000000eab00000, 0x00000000f8a80000, 0x0000000100000000)
  eden space 168448K, 5% used [0x00000000eab00000,0x00000000eb4432a0,0x00000000f4f80000)
  from space 13312K, 0% used [0x00000000f5e80000,0x00000000f5e80000,0x00000000f6b80000)
  to   space 15360K, 0% used [0x00000000f4f80000,0x00000000f4f80000,0x00000000f5e80000)
 ParOldGen       total 147456K, used 21660K [0x00000000c0000000, 0x00000000c9000000, 0x00000000eab00000)
  object space 147456K, 14% used [0x00000000c0000000,0x00000000c15273d8,0x00000000c9000000)
 Metaspace       used 38026K, capacity 38688K, committed 38912K, reserved 1083392K
  class space    used 5175K, capacity 5337K, committed 5376K, reserved 1048576K
GC Heap History (10 events):
Event: 1.827 GC heap before
{Heap before GC invocations=4 (full 1):
 PSYoungGen      total 76288K, used 8292K [0x00000000eab00000, 0x00000000f4000000, 0x0000000100000000)
  eden space 65536K, 0% used [0x00000000eab00000,0x00000000eab00000,0x00000000eeb00000)
  from space 10752K, 77% used [0x00000000eeb00000,0x00000000ef319000,0x00000000ef580000)
  to   space 10752K, 0% used [0x00000000f3580000,0x00000000f3580000,0x00000000f4000000)
 ParOldGen       total 175104K, used 2399K [0x00000000c0000000, 0x00000000cab00000, 0x00000000eab00000)
  object space 175104K, 1% used [0x00000000c0000000,0x00000000c0257d00,0x00000000cab00000)
 Metaspace       used 20897K, capacity 21226K, committed 21296K, reserved 1067008K
  class space    used 2820K, capacity 2939K, committed 2944K, reserved 1048576K
Event: 1.858 GC heap after
Heap after GC invocations=4 (full 1):
 PSYoungGen      total 76288K, used 0K [0x00000000eab00000, 0x00000000f4000000, 0x0000000100000000)
  eden space 65536K, 0% used [0x00000000eab00000,0x00000000eab00000,0x00000000eeb00000)
  from space 10752K, 0% used [0x00000000eeb00000,0x00000000eeb00000,0x00000000ef580000)
  to   space 10752K, 0% used [0x00000000f3580000,0x00000000f3580000,0x00000000f4000000)
 ParOldGen       total 97280K, used 8087K [0x00000000c0000000, 0x00000000c5f00000, 0x00000000eab00000)
  object space 97280K, 8% used [0x00000000c0000000,0x00000000c07e5d38,0x00000000c5f00000)
 Metaspace       used 20897K, capacity 21226K, committed 21296K, reserved 1067008K
  class space    used 2820K, capacity 2939K, committed 2944K, reserved 1048576K
}
Event: 2.818 GC heap before
{Heap before GC invocations=5 (full 1):
 PSYoungGen      total 76288K, used 65536K [0x00000000eab00000, 0x00000000f4000000, 0x0000000100000000)
  eden space 65536K, 100% used [0x00000000eab00000,0x00000000eeb00000,0x00000000eeb00000)
  from space 10752K, 0% used [0x00000000eeb00000,0x00000000eeb00000,0x00000000ef580000)
  to   space 10752K, 0% used [0x00000000f3580000,0x00000000f3580000,0x00000000f4000000)
 ParOldGen       total 97280K, used 8087K [0x00000000c0000000, 0x00000000c5f00000, 0x00000000eab00000)
  object space 97280K, 8% used [0x00000000c0000000,0x00000000c07e5d38,0x00000000c5f00000)
 Metaspace       used 26477K, capacity 26884K, committed 27136K, reserved 1073152K
  class space    used 3622K, capacity 3730K, committed 3840K, reserved 1048576K
Event: 2.823 GC heap after
Heap after GC invocations=5 (full 1):
 PSYoungGen      total 114176K, used 6263K [0x00000000eab00000, 0x00000000f3c00000, 0x0000000100000000)
  eden space 107520K, 0% used [0x00000000eab00000,0x00000000eab00000,0x00000000f1400000)
  from space 6656K, 94% used [0x00000000f3580000,0x00000000f3b9dd78,0x00000000f3c00000)
  to   space 10752K, 0% used [0x00000000f2700000,0x00000000f2700000,0x00000000f3180000)
 ParOldGen       total 97280K, used 8095K [0x00000000c0000000, 0x00000000c5f00000, 0x00000000eab00000)
  object space 97280K, 8% used [0x00000000c0000000,0x00000000c07e7d38,0x00000000c5f00000)
 Metaspace       used 26477K, capacity 26884K, committed 27136K, reserved 1073152K
  class space    used 3622K, capacity 3730K, committed 3840K, reserved 1048576K
}
Event: 4.767 GC heap before
{Heap before GC invocations=6 (full 1):
 PSYoungGen      total 114176K, used 113783K [0x00000000eab00000, 0x00000000f3c00000, 0x0000000100000000)
  eden space 107520K, 100% used [0x00000000eab00000,0x00000000f1400000,0x00000000f1400000)
  from space 6656K, 94% used [0x00000000f3580000,0x00000000f3b9dd78,0x00000000f3c00000)
  to   space 10752K, 0% used [0x00000000f2700000,0x00000000f2700000,0x00000000f3180000)
 ParOldGen       total 97280K, used 8095K [0x00000000c0000000, 0x00000000c5f00000, 0x00000000eab00000)
  object space 97280K, 8% used [0x00000000c0000000,0x00000000c07e7d38,0x00000000c5f00000)
 Metaspace       used 30695K, capacity 31298K, committed 31488K, reserved 1077248K
  class space    used 4149K, capacity 4331K, committed 4352K, reserved 1048576K
Event: 4.778 GC heap after
Heap after GC invocations=6 (full 1):
 PSYoungGen      total 137728K, used 8771K [0x00000000eab00000, 0x00000000f6b80000, 0x0000000100000000)
  eden space 126976K, 0% used [0x00000000eab00000,0x00000000eab00000,0x00000000f2700000)
  from space 10752K, 81% used [0x00000000f2700000,0x00000000f2f90e68,0x00000000f3180000)
  to   space 13312K, 0% used [0x00000000f5e80000,0x00000000f5e80000,0x00000000f6b80000)
 ParOldGen       total 97280K, used 8167K [0x00000000c0000000, 0x00000000c5f00000, 0x00000000eab00000)
  object space 97280K, 8% used [0x00000000c0000000,0x00000000c07f9d48,0x00000000c5f00000)
 Metaspace       used 30695K, capacity 31298K, committed 31488K, reserved 1077248K
  class space    used 4149K, capacity 4331K, committed 4352K, reserved 1048576K
}
Event: 5.358 GC heap before
{Heap before GC invocations=7 (full 1):
 PSYoungGen      total 137728K, used 78400K [0x00000000eab00000, 0x00000000f6b80000, 0x0000000100000000)
  eden space 126976K, 54% used [0x00000000eab00000,0x00000000eeeff360,0x00000000f2700000)
  from space 10752K, 81% used [0x00000000f2700000,0x00000000f2f90e68,0x00000000f3180000)
  to   space 13312K, 0% used [0x00000000f5e80000,0x00000000f5e80000,0x00000000f6b80000)
 ParOldGen       total 97280K, used 8167K [0x00000000c0000000, 0x00000000c5f00000, 0x00000000eab00000)
  object space 97280K, 8% used [0x00000000c0000000,0x00000000c07f9d48,0x00000000c5f00000)
 Metaspace       used 34665K, capacity 35258K, committed 35456K, reserved 1079296K
  class space    used 4698K, capacity 4872K, committed 4992K, reserved 1048576K
Event: 5.367 GC heap after
Heap after GC invocations=7 (full 1):
 PSYoungGen      total 181760K, used 13287K [0x00000000eab00000, 0x00000000f8a80000, 0x0000000100000000)
  eden space 168448K, 0% used [0x00000000eab00000,0x00000000eab00000,0x00000000f4f80000)
  from space 13312K, 99% used [0x00000000f5e80000,0x00000000f6b79e48,0x00000000f6b80000)
  to   space 15360K, 0% used [0x00000000f4f80000,0x00000000f4f80000,0x00000000f5e80000)
 ParOldGen       total 97280K, used 9030K [0x00000000c0000000, 0x00000000c5f00000, 0x00000000eab00000)
  object space 97280K, 9% used [0x00000000c0000000,0x00000000c08d1a50,0x00000000c5f00000)
 Metaspace       used 34665K, capacity 35258K, committed 35456K, reserved 1079296K
  class space    used 4698K, capacity 4872K, committed 4992K, reserved 1048576K
}
Event: 5.367 GC heap before
{Heap before GC invocations=8 (full 2):
 PSYoungGen      total 181760K, used 13287K [0x00000000eab00000, 0x00000000f8a80000, 0x0000000100000000)
  eden space 168448K, 0% used [0x00000000eab00000,0x00000000eab00000,0x00000000f4f80000)
  from space 13312K, 99% used [0x00000000f5e80000,0x00000000f6b79e48,0x00000000f6b80000)
  to   space 15360K, 0% used [0x00000000f4f80000,0x00000000f4f80000,0x00000000f5e80000)
 ParOldGen       total 97280K, used 9030K [0x00000000c0000000, 0x00000000c5f00000, 0x00000000eab00000)
  object space 97280K, 9% used [0x00000000c0000000,0x00000000c08d1a50,0x00000000c5f00000)
 Metaspace       used 34665K, capacity 35258K, committed 35456K, reserved 1079296K
  class space    used 4698K, capacity 4872K, committed 4992K, reserved 1048576K
Event: 5.419 GC heap after
Heap after GC invocations=8 (full 2):
 PSYoungGen      total 181760K, used 0K [0x00000000eab00000, 0x00000000f8a80000, 0x0000000100000000)
  eden space 168448K, 0% used [0x00000000eab00000,0x00000000eab00000,0x00000000f4f80000)
  from space 13312K, 0% used [0x00000000f5e80000,0x00000000f5e80000,0x00000000f6b80000)
  to   space 15360K, 0% used [0x00000000f4f80000,0x00000000f4f80000,0x00000000f5e80000)
 ParOldGen       total 147456K, used 21660K [0x00000000c0000000, 0x00000000c9000000, 0x00000000eab00000)
  object space 147456K, 14% used [0x00000000c0000000,0x00000000c15273d8,0x00000000c9000000)
 Metaspace       used 34665K, capacity 35258K, committed 35456K, reserved 1079296K
  class space    used 4698K, capacity 4872K, committed 4992K, reserved 1048576K
}

